This file contains any messages produced by compilers while
running configure, to aid debugging if configure makes a mistake.

It was created by GNU cpp configure 1.40, which was
generated by GNU Autoconf 2.69.  Invocation command line was

  $ ./configure --disable-option-checking --prefix=/home/lukem --with-tcltk=/opt/ActiveTcl-8.6 --cache-file=/dev/null --srcdir=.

## --------- ##
## Platform. ##
## --------- ##

hostname = lukem-Inspiron-N7010
uname -m = x86_64
uname -r = 3.19.0-30-generic
uname -s = Linux
uname -v = #34-Ubuntu SMP Fri Oct 2 22:08:41 UTC 2015

/usr/bin/uname -p = unknown
/bin/uname -X     = unknown

/bin/arch              = unknown
/usr/bin/arch -k       = unknown
/usr/convex/getsysinfo = unknown
/usr/bin/hostinfo      = unknown
/bin/machine           = unknown
/usr/bin/oslevel       = unknown
/bin/universe          = unknown

PATH: /home/lukem/bin
PATH: /usr/local/sbin
PATH: /usr/local/bin
PATH: /usr/sbin
PATH: /usr/bin
PATH: /sbin
PATH: /bin
PATH: /usr/games
PATH: /usr/local/games


## ----------- ##
## Core tests. ##
## ----------- ##

configure:2185: checking for gcc
configure:2201: found /usr/bin/gcc
configure:2212: result: gcc
configure:2441: checking for C compiler version
configure:2450: gcc --version >&5
gcc (Ubuntu 4.9.2-10ubuntu13) 4.9.2
Copyright (C) 2014 Free Software Foundation, Inc.
This is free software; see the source for copying conditions.  There is NO
warranty; not even for MERCHANTABILITY or FITNESS FOR A PARTICULAR PURPOSE.

configure:2461: $? = 0
configure:2450: gcc -v >&5
Using built-in specs.
COLLECT_GCC=gcc
COLLECT_LTO_WRAPPER=/usr/lib/gcc/x86_64-linux-gnu/4.9/lto-wrapper
Target: x86_64-linux-gnu
Configured with: ../src/configure -v --with-pkgversion='Ubuntu 4.9.2-10ubuntu13' --with-bugurl=file:///usr/share/doc/gcc-4.9/README.Bugs --enable-languages=c,c++,java,go,d,fortran,objc,obj-c++ --prefix=/usr --program-suffix=-4.9 --enable-shared --enable-linker-build-id --libexecdir=/usr/lib --without-included-gettext --enable-threads=posix --with-gxx-include-dir=/usr/include/c++/4.9 --libdir=/usr/lib --enable-nls --with-sysroot=/ --enable-clocale=gnu --enable-libstdcxx-debug --enable-libstdcxx-time=yes --enable-gnu-unique-object --disable-vtable-verify --enable-plugin --with-system-zlib --disable-browser-plugin --enable-java-awt=gtk --enable-gtk-cairo --with-java-home=/usr/lib/jvm/java-1.5.0-gcj-4.9-amd64/jre --enable-java-home --with-jvm-root-dir=/usr/lib/jvm/java-1.5.0-gcj-4.9-amd64 --with-jvm-jar-dir=/usr/lib/jvm-exports/java-1.5.0-gcj-4.9-amd64 --with-arch-directory=amd64 --with-ecj-jar=/usr/share/java/eclipse-ecj.jar --enable-objc-gc --enable-multiarch --disable-werror --with-arch-32=i686 --with-abi=m64 --with-multilib-list=m32,m64,mx32 --enable-multilib --with-tune=generic --enable-checking=release --build=x86_64-linux-gnu --host=x86_64-linux-gnu --target=x86_64-linux-gnu
Thread model: posix
gcc version 4.9.2 (Ubuntu 4.9.2-10ubuntu13) 
configure:2461: $? = 0
configure:2450: gcc -V >&5
gcc: error: unrecognized command line option '-V'
gcc: fatal error: no input files
compilation terminated.
configure:2461: $? = 4
configure:2450: gcc -qversion >&5
gcc: error: unrecognized command line option '-qversion'
gcc: fatal error: no input files
compilation terminated.
configure:2461: $? = 4
configure:2481: checking whether the C compiler works
configure:2503: gcc    conftest.c  >&5
configure:2507: $? = 0
configure:2555: result: yes
configure:2558: checking for C compiler default output file name
configure:2560: result: a.out
configure:2566: checking for suffix of executables
configure:2573: gcc -o conftest    conftest.c  >&5
configure:2577: $? = 0
configure:2599: result: 
configure:2621: checking whether we are cross compiling
configure:2629: gcc -o conftest    conftest.c  >&5
configure:2633: $? = 0
configure:2640: ./conftest
configure:2644: $? = 0
configure:2659: result: no
configure:2664: checking for suffix of object files
configure:2686: gcc -c   conftest.c >&5
configure:2690: $? = 0
configure:2711: result: o
configure:2715: checking whether we are using the GNU C compiler
configure:2734: gcc -c   conftest.c >&5
configure:2734: $? = 0
configure:2743: result: yes
configure:2752: checking whether gcc accepts -g
configure:2772: gcc -c -g  conftest.c >&5
configure:2772: $? = 0
configure:2813: result: yes
configure:2830: checking for gcc option to accept ISO C89
configure:2893: gcc  -c -g -O2  conftest.c >&5
configure:2893: $? = 0
configure:2906: result: none needed
configure:2931: checking how to run the C preprocessor
configure:2962: gcc -E  conftest.c
configure:2962: $? = 0
configure:2976: gcc -E  conftest.c
conftest.c:9:28: fatal error: ac_nonexistent.h: No such file or directory
 #include <ac_nonexistent.h>
                            ^
compilation terminated.
configure:2976: $? = 1
configure: failed program was:
| /* confdefs.h */
| #define PACKAGE_NAME "GNU cpp"
| #define PACKAGE_TARNAME "cpp"
| #define PACKAGE_VERSION "1.40"
| #define PACKAGE_STRING "GNU cpp 1.40"
| #define PACKAGE_BUGREPORT ""
| #define PACKAGE_URL "http://www.gnu.org/software/cpp/"
| /* end confdefs.h.  */
| #include <ac_nonexistent.h>
configure:3001: result: gcc -E
configure:3021: gcc -E  conftest.c
configure:3021: $? = 0
configure:3035: gcc -E  conftest.c
conftest.c:9:28: fatal error: ac_nonexistent.h: No such file or directory
 #include <ac_nonexistent.h>
                            ^
compilation terminated.
configure:3035: $? = 1
configure: failed program was:
| /* confdefs.h */
| #define PACKAGE_NAME "GNU cpp"
| #define PACKAGE_TARNAME "cpp"
| #define PACKAGE_VERSION "1.40"
| #define PACKAGE_STRING "GNU cpp 1.40"
| #define PACKAGE_BUGREPORT ""
| #define PACKAGE_URL "http://www.gnu.org/software/cpp/"
| /* end confdefs.h.  */
| #include <ac_nonexistent.h>
configure:3067: checking for grep that handles long lines and -e
configure:3125: result: /bin/grep
configure:3130: checking for egrep
configure:3192: result: /bin/grep -E
configure:3197: checking for ANSI C header files
configure:3217: gcc -c -g -O2  conftest.c >&5
configure:3217: $? = 0
configure:3290: gcc -o conftest -g -O2   conftest.c  >&5
configure:3290: $? = 0
configure:3290: ./conftest
configure:3290: $? = 0
configure:3301: result: yes
configure:3314: checking for sys/types.h
configure:3314: gcc -c -g -O2  conftest.c >&5
configure:3314: $? = 0
configure:3314: result: yes
configure:3314: checking for sys/stat.h
configure:3314: gcc -c -g -O2  conftest.c >&5
configure:3314: $? = 0
configure:3314: result: yes
configure:3314: checking for stdlib.h
configure:3314: gcc -c -g -O2  conftest.c >&5
configure:3314: $? = 0
configure:3314: result: yes
configure:3314: checking for string.h
configure:3314: gcc -c -g -O2  conftest.c >&5
configure:3314: $? = 0
configure:3314: result: yes
configure:3314: checking for memory.h
configure:3314: gcc -c -g -O2  conftest.c >&5
configure:3314: $? = 0
configure:3314: result: yes
configure:3314: checking for strings.h
configure:3314: gcc -c -g -O2  conftest.c >&5
configure:3314: $? = 0
configure:3314: result: yes
configure:3314: checking for inttypes.h
configure:3314: gcc -c -g -O2  conftest.c >&5
configure:3314: $? = 0
configure:3314: result: yes
configure:3314: checking for stdint.h
configure:3314: gcc -c -g -O2  conftest.c >&5
configure:3314: $? = 0
configure:3314: result: yes
configure:3314: checking for unistd.h
configure:3314: gcc -c -g -O2  conftest.c >&5
configure:3314: $? = 0
configure:3314: result: yes
configure:3329: checking fcntl.h usability
configure:3329: gcc -c -g -O2  conftest.c >&5
configure:3329: $? = 0
configure:3329: result: yes
configure:3329: checking fcntl.h presence
configure:3329: gcc -E  conftest.c
configure:3329: $? = 0
configure:3329: result: yes
configure:3329: checking for fcntl.h
configure:3329: result: yes
configure:3329: checking malloc.h usability
configure:3329: gcc -c -g -O2  conftest.c >&5
configure:3329: $? = 0
configure:3329: result: yes
configure:3329: checking malloc.h presence
configure:3329: gcc -E  conftest.c
configure:3329: $? = 0
configure:3329: result: yes
configure:3329: checking for malloc.h
configure:3329: result: yes
configure:3329: checking sys/file.h usability
configure:3329: gcc -c -g -O2  conftest.c >&5
configure:3329: $? = 0
configure:3329: result: yes
configure:3329: checking sys/file.h presence
configure:3329: gcc -E  conftest.c
configure:3329: $? = 0
configure:3329: result: yes
configure:3329: checking for sys/file.h
configure:3329: result: yes
configure:3329: checking sys/time.h usability
configure:3329: gcc -c -g -O2  conftest.c >&5
configure:3329: $? = 0
configure:3329: result: yes
configure:3329: checking sys/time.h presence
configure:3329: gcc -E  conftest.c
configure:3329: $? = 0
configure:3329: result: yes
configure:3329: checking for sys/time.h
configure:3329: result: yes
configure:3329: checking for unistd.h
configure:3329: result: yes
configure:3340: checking for an ANSI C-conforming const
configure:3406: gcc -c -g -O2  conftest.c >&5
configure:3406: $? = 0
configure:3413: result: yes
configure:3421: checking for size_t
configure:3421: gcc -c -g -O2  conftest.c >&5
configure:3421: $? = 0
configure:3421: gcc -c -g -O2  conftest.c >&5
conftest.c: In function 'main':
conftest.c:60:21: error: expected expression before ')' token
 if (sizeof ((size_t)))
                     ^
configure:3421: $? = 1
configure: failed program was:
| /* confdefs.h */
| #define PACKAGE_NAME "GNU cpp"
| #define PACKAGE_TARNAME "cpp"
| #define PACKAGE_VERSION "1.40"
| #define PACKAGE_STRING "GNU cpp 1.40"
| #define PACKAGE_BUGREPORT ""
| #define PACKAGE_URL "http://www.gnu.org/software/cpp/"
| #define STDC_HEADERS 1
| #define HAVE_SYS_TYPES_H 1
| #define HAVE_SYS_STAT_H 1
| #define HAVE_STDLIB_H 1
| #define HAVE_STRING_H 1
| #define HAVE_MEMORY_H 1
| #define HAVE_STRINGS_H 1
| #define HAVE_INTTYPES_H 1
| #define HAVE_STDINT_H 1
| #define HAVE_UNISTD_H 1
| #define HAVE_FCNTL_H 1
| #define HAVE_MALLOC_H 1
| #define HAVE_SYS_FILE_H 1
| #define HAVE_SYS_TIME_H 1
| #define HAVE_UNISTD_H 1
| /* end confdefs.h.  */
| #include <stdio.h>
| #ifdef HAVE_SYS_TYPES_H
| # include <sys/types.h>
| #endif
| #ifdef HAVE_SYS_STAT_H
| # include <sys/stat.h>
| #endif
| #ifdef STDC_HEADERS
| # include <stdlib.h>
| # include <stddef.h>
| #else
| # ifdef HAVE_STDLIB_H
| #  include <stdlib.h>
| # endif
| #endif
| #ifdef HAVE_STRING_H
| # if !defined STDC_HEADERS && defined HAVE_MEMORY_H
| #  include <memory.h>
| # endif
| # include <string.h>
| #endif
| #ifdef HAVE_STRINGS_H
| # include <strings.h>
| #endif
| #ifdef HAVE_INTTYPES_H
| # include <inttypes.h>
| #endif
| #ifdef HAVE_STDINT_H
| # include <stdint.h>
| #endif
| #ifdef HAVE_UNISTD_H
| # include <unistd.h>
| #endif
| int
| main ()
| {
| if (sizeof ((size_t)))
| 	    return 0;
|   ;
|   return 0;
| }
configure:3421: result: yes
configure:3432: checking whether struct tm is in sys/time.h or time.h
configure:3452: gcc -c -g -O2  conftest.c >&5
configure:3452: $? = 0
configure:3459: result: time.h
configure:3468: checking return type of signal handlers
configure:3486: gcc -c -g -O2  conftest.c >&5
conftest.c: In function 'main':
conftest.c:30:1: error: void value not ignored as it ought to be
 return *(signal (0, 0)) (0) == 1;
 ^
configure:3486: $? = 1
configure: failed program was:
| /* confdefs.h */
| #define PACKAGE_NAME "GNU cpp"
| #define PACKAGE_TARNAME "cpp"
| #define PACKAGE_VERSION "1.40"
| #define PACKAGE_STRING "GNU cpp 1.40"
| #define PACKAGE_BUGREPORT ""
| #define PACKAGE_URL "http://www.gnu.org/software/cpp/"
| #define STDC_HEADERS 1
| #define HAVE_SYS_TYPES_H 1
| #define HAVE_SYS_STAT_H 1
| #define HAVE_STDLIB_H 1
| #define HAVE_STRING_H 1
| #define HAVE_MEMORY_H 1
| #define HAVE_STRINGS_H 1
| #define HAVE_INTTYPES_H 1
| #define HAVE_STDINT_H 1
| #define HAVE_UNISTD_H 1
| #define HAVE_FCNTL_H 1
| #define HAVE_MALLOC_H 1
| #define HAVE_SYS_FILE_H 1
| #define HAVE_SYS_TIME_H 1
| #define HAVE_UNISTD_H 1
| /* end confdefs.h.  */
| #include <sys/types.h>
| #include <signal.h>
| 
| int
| main ()
| {
| return *(signal (0, 0)) (0) == 1;
|   ;
|   return 0;
| }
configure:3493: result: void
configure:3504: checking for memcpy
configure:3504: gcc -o conftest -g -O2   conftest.c  >&5
conftest.c:48:6: warning: conflicting types for built-in function 'memcpy'
 char memcpy ();
      ^
configure:3504: $? = 0
configure:3504: result: yes
configure:3504: checking for strchr
configure:3504: gcc -o conftest -g -O2   conftest.c  >&5
conftest.c:49:6: warning: conflicting types for built-in function 'strchr'
 char strchr ();
      ^
configure:3504: $? = 0
configure:3504: result: yes
configure:3633: creating ./config.status

## ---------------------- ##
## Running config.status. ##
## ---------------------- ##

This file was extended by GNU cpp config.status 1.40, which was
generated by GNU Autoconf 2.69.  Invocation command line was

  CONFIG_FILES    = 
  CONFIG_HEADERS  = 
  CONFIG_LINKS    = 
  CONFIG_COMMANDS = 
  $ ./config.status 

on lukem-Inspiron-N7010

config.status:807: creating Makefile
config.status:807: creating config.h

## ---------------- ##
## Cache variables. ##
## ---------------- ##

ac_cv_c_compiler_gnu=yes
ac_cv_c_const=yes
ac_cv_env_CC_set=
ac_cv_env_CC_value=
ac_cv_env_CFLAGS_set=
ac_cv_env_CFLAGS_value=
ac_cv_env_CPPFLAGS_set=
ac_cv_env_CPPFLAGS_value=
ac_cv_env_CPP_set=
ac_cv_env_CPP_value=
ac_cv_env_LDFLAGS_set=
ac_cv_env_LDFLAGS_value=
ac_cv_env_LIBS_set=
ac_cv_env_LIBS_value=
ac_cv_env_build_alias_set=
ac_cv_env_build_alias_value=
ac_cv_env_host_alias_set=
ac_cv_env_host_alias_value=
ac_cv_env_target_alias_set=
ac_cv_env_target_alias_value=
ac_cv_func_memcpy=yes
ac_cv_func_strchr=yes
ac_cv_header_fcntl_h=yes
ac_cv_header_inttypes_h=yes
ac_cv_header_malloc_h=yes
ac_cv_header_memory_h=yes
ac_cv_header_stdc=yes
ac_cv_header_stdint_h=yes
ac_cv_header_stdlib_h=yes
ac_cv_header_string_h=yes
ac_cv_header_strings_h=yes
ac_cv_header_sys_file_h=yes
ac_cv_header_sys_stat_h=yes
ac_cv_header_sys_time_h=yes
ac_cv_header_sys_types_h=yes
ac_cv_header_unistd_h=yes
ac_cv_objext=o
ac_cv_path_EGREP='/bin/grep -E'
ac_cv_path_GREP=/bin/grep
ac_cv_prog_CPP='gcc -E'
ac_cv_prog_ac_ct_CC=gcc
ac_cv_prog_cc_c89=
ac_cv_prog_cc_g=yes
ac_cv_struct_tm=time.h
ac_cv_type_signal=void
ac_cv_type_size_t=yes

## ----------------- ##
## Output variables. ##
## ----------------- ##

CC='gcc'
CFLAGS='-g -O2'
CPP='gcc -E'
CPPFLAGS=''
DEFS='-DHAVE_CONFIG_H'
ECHO_C=''
ECHO_N='-n'
ECHO_T=''
EGREP='/bin/grep -E'
EXEEXT=''
GREP='/bin/grep'
LDFLAGS=''
LIBOBJS=''
LIBS=''
LTLIBOBJS=''
OBJEXT='o'
PACKAGE_BUGREPORT=''
PACKAGE_NAME='GNU cpp'
PACKAGE_STRING='GNU cpp 1.40'
PACKAGE_TARNAME='cpp'
PACKAGE_URL='http://www.gnu.org/software/cpp/'
PACKAGE_VERSION='1.40'
PATH_SEPARATOR=':'
SHELL='/bin/bash'
ac_ct_CC='gcc'
bindir='${exec_prefix}/bin'
build_alias=''
datadir='${datarootdir}'
datarootdir='${prefix}/share'
docdir='${datarootdir}/doc/${PACKAGE_TARNAME}'
dvidir='${docdir}'
exec_prefix='${prefix}'
host_alias=''
htmldir='${docdir}'
includedir='${prefix}/include'
infodir='${datarootdir}/info'
libdir='${exec_prefix}/lib'
libexecdir='${exec_prefix}/libexec'
localedir='${datarootdir}/locale'
localstatedir='${prefix}/var'
mandir='${datarootdir}/man'
oldincludedir='/usr/include'
pdfdir='${docdir}'
prefix='/home/lukem'
program_transform_name='s,x,x,'
psdir='${docdir}'
sbindir='${exec_prefix}/sbin'
sharedstatedir='${prefix}/com'
sysconfdir='${prefix}/etc'
target_alias=''

## ----------- ##
## confdefs.h. ##
## ----------- ##

/* confdefs.h */
#define PACKAGE_NAME "GNU cpp"
#define PACKAGE_TARNAME "cpp"
#define PACKAGE_VERSION "1.40"
#define PACKAGE_STRING "GNU cpp 1.40"
#define PACKAGE_BUGREPORT ""
#define PACKAGE_URL "http://www.gnu.org/software/cpp/"
#define STDC_HEADERS 1
#define HAVE_SYS_TYPES_H 1
#define HAVE_SYS_STAT_H 1
#define HAVE_STDLIB_H 1
#define HAVE_STRING_H 1
#define HAVE_MEMORY_H 1
#define HAVE_STRINGS_H 1
#define HAVE_INTTYPES_H 1
#define HAVE_STDINT_H 1
#define HAVE_UNISTD_H 1
#define HAVE_FCNTL_H 1
#define HAVE_MALLOC_H 1
#define HAVE_SYS_FILE_H 1
#define HAVE_SYS_TIME_H 1
#define HAVE_UNISTD_H 1
#define RETSIGTYPE void
#define HAVE_MEMCPY 1
#define HAVE_STRCHR 1

configure: exit 0
