<NOD_DrvGrf> -> ( <NOD_Banner> | <NOD_SrcDcl> | <NOD_ObjDcl> | <NOD_PrmDcl> | <NOD_VarDcl> | <NOD_ToolDcl> )+ ;
<NOD_Banner> -> <Word> ;
<NOD_SrcDcl> -> ( ( <NOD_Prefix> | <NOD_Suffix> ) <Word> ) ;
<NOD_ObjDcl> -> ( <Word> ( <Word> | <NOD_Hidden> ) ( <NOD_BaseSupertype> | <Word> )+ ) ;
<NOD_PrmDcl> -> ( <Word> ( <Word> | <NOD_Hidden> ) <Word> ) ;
<NOD_VarDcl> -> ( <Word> ( <Word> | <NOD_Hidden> ) ParameterValue ) ;
<NOD_ToolDcl> -> ( <Word> <NOD_Args> ( <NOD_Needs> | <NOD_Needs> ) ( <NOD_Results> | <NOD_Results> ) ) ;
<NOD_Prefix> -> <Word> ;
<NOD_Suffix> -> <Word>? ;
<NOD_Hidden> -> <Word> ;
<NOD_BaseSupertype> -> <Word> ;
<NOD_Args> -> ( <Word> | <NOD_VarWord> | FileArg | <NOD_NameInput> | <NOD_ErrOKInput> )+ ;
<NOD_Needs> -> ( <Word> | <NOD_VarWord> | FileArg | <NOD_NameInput> | <NOD_ErrOKInput> )+ ;
<NOD_Results> -> ( <Word>+ | <NOD_ForeignResult> ) ;
<NOD_ForeignResult> -> ( <Word> <Word> ) ;
<NOD_NameInput> -> FileArg ;
<NOD_ErrOKInput> -> FileArg ;
FileArg -> <NOD_OdinExpr> ;
<NOD_OdinExpr> -> OdinExpr1 ;
OdinExpr1 -> ( <NOD_EmptyFile> | <Word> | <NOD_VarWord> | <NOD_DrvInput> | <NOD_PrmInput> | <NOD_AbsRoot> | <NOD_AbsFile> | <NOD_VirSelOpr> | ( OdinExpr1 ( <NOD_PrmOpr> | <NOD_AplOpr> | <NOD_DrvOpr> | <NOD_SecOrdDrvOpr> | <NOD_SelOpr> | <NOD_DirOpr> | <NOD_VirSelOpr> ) ) | OdinExpr1 ) ;
<NOD_EmptyFile> -> ( ) ;
<NOD_DrvInput> -> <Word> ;
<NOD_PrmInput> -> <Word> ;
<NOD_AbsRoot> -> ( ) ;
<NOD_AbsFile> -> ( <Word> | <NOD_VarWord> ) ;
<NOD_VirSelOpr> -> ( <Word> | <NOD_VarWord> | <Word> | <NOD_VarWord> ) ;
<NOD_PrmOpr> -> ( <Word> <NOD_PrmVals>? ) ;
<NOD_AplOpr> -> ( <Word> FileArg ) ;
<NOD_DrvOpr> -> <Word> ;
<NOD_SecOrdDrvOpr> -> ( <Word> <Word> ) ;
<NOD_SelOpr> -> ( <Word> | <NOD_VarWord> ) ;
<NOD_DirOpr> -> ( ) ;
<NOD_PrmVals> -> ParameterValue+ ;
ParameterValue -> ( <Word> | <NOD_VarWord> | FileArg ) ;
<NOD_VarWord> -> <Word> ;
