This file contains any messages produced by compilers while
running configure, to aid debugging if configure makes a mistake.

It was created by GNU sed configure 1.18, which was
generated by GNU Autoconf 2.69.  Invocation command line was

  $ ./configure --disable-option-checking --prefix=/home/user --cache-file=/dev/null --srcdir=.

## --------- ##
## Platform. ##
## --------- ##

hostname = cu-cs-vm
uname -m = x86_64
uname -r = 3.19.0-39-generic
uname -s = Linux
uname -v = #44~14.04.1-Ubuntu SMP Wed Dec 2 10:00:35 UTC 2015

/usr/bin/uname -p = unknown
/bin/uname -X     = unknown

/bin/arch              = unknown
/usr/bin/arch -k       = unknown
/usr/convex/getsysinfo = unknown
/usr/bin/hostinfo      = unknown
/bin/machine           = unknown
/usr/bin/oslevel       = unknown
/bin/universe          = unknown

PATH: /home/user/bin
PATH: /usr/local/sbin
PATH: /usr/local/bin
PATH: /usr/sbin
PATH: /usr/bin
PATH: /sbin
PATH: /bin
PATH: /usr/games
PATH: /usr/local/games


## ----------- ##
## Core tests. ##
## ----------- ##

configure:2186: checking for gcc
configure:2202: found /usr/bin/gcc
configure:2213: result: gcc
configure:2442: checking for C compiler version
configure:2451: gcc --version >&5
gcc (Ubuntu 4.8.4-2ubuntu1~14.04) 4.8.4
Copyright (C) 2013 Free Software Foundation, Inc.
This is free software; see the source for copying conditions.  There is NO
warranty; not even for MERCHANTABILITY or FITNESS FOR A PARTICULAR PURPOSE.

configure:2462: $? = 0
configure:2451: gcc -v >&5
Using built-in specs.
COLLECT_GCC=gcc
COLLECT_LTO_WRAPPER=/usr/lib/gcc/x86_64-linux-gnu/4.8/lto-wrapper
Target: x86_64-linux-gnu
Configured with: ../src/configure -v --with-pkgversion='Ubuntu 4.8.4-2ubuntu1~14.04' --with-bugurl=file:///usr/share/doc/gcc-4.8/README.Bugs --enable-languages=c,c++,java,go,d,fortran,objc,obj-c++ --prefix=/usr --program-suffix=-4.8 --enable-shared --enable-linker-build-id --libexecdir=/usr/lib --without-included-gettext --enable-threads=posix --with-gxx-include-dir=/usr/include/c++/4.8 --libdir=/usr/lib --enable-nls --with-sysroot=/ --enable-clocale=gnu --enable-libstdcxx-debug --enable-libstdcxx-time=yes --enable-gnu-unique-object --disable-libmudflap --enable-plugin --with-system-zlib --disable-browser-plugin --enable-java-awt=gtk --enable-gtk-cairo --with-java-home=/usr/lib/jvm/java-1.5.0-gcj-4.8-amd64/jre --enable-java-home --with-jvm-root-dir=/usr/lib/jvm/java-1.5.0-gcj-4.8-amd64 --with-jvm-jar-dir=/usr/lib/jvm-exports/java-1.5.0-gcj-4.8-amd64 --with-arch-directory=amd64 --with-ecj-jar=/usr/share/java/eclipse-ecj.jar --enable-objc-gc --enable-multiarch --disable-werror --with-arch-32=i686 --with-abi=m64 --with-multilib-list=m32,m64,mx32 --with-tune=generic --enable-checking=release --build=x86_64-linux-gnu --host=x86_64-linux-gnu --target=x86_64-linux-gnu
Thread model: posix
gcc version 4.8.4 (Ubuntu 4.8.4-2ubuntu1~14.04) 
configure:2462: $? = 0
configure:2451: gcc -V >&5
gcc: error: unrecognized command line option '-V'
gcc: fatal error: no input files
compilation terminated.
configure:2462: $? = 4
configure:2451: gcc -qversion >&5
gcc: error: unrecognized command line option '-qversion'
gcc: fatal error: no input files
compilation terminated.
configure:2462: $? = 4
configure:2482: checking whether the C compiler works
configure:2504: gcc    conftest.c  >&5
configure:2508: $? = 0
configure:2556: result: yes
configure:2559: checking for C compiler default output file name
configure:2561: result: a.out
configure:2567: checking for suffix of executables
configure:2574: gcc -o conftest    conftest.c  >&5
configure:2578: $? = 0
configure:2600: result: 
configure:2622: checking whether we are cross compiling
configure:2630: gcc -o conftest    conftest.c  >&5
configure:2634: $? = 0
configure:2641: ./conftest
configure:2645: $? = 0
configure:2660: result: no
configure:2665: checking for suffix of object files
configure:2687: gcc -c   conftest.c >&5
configure:2691: $? = 0
configure:2712: result: o
configure:2716: checking whether we are using the GNU C compiler
configure:2735: gcc -c   conftest.c >&5
configure:2735: $? = 0
configure:2744: result: yes
configure:2753: checking whether gcc accepts -g
configure:2773: gcc -c -g  conftest.c >&5
configure:2773: $? = 0
configure:2814: result: yes
configure:2831: checking for gcc option to accept ISO C89
configure:2894: gcc  -c -g -O2  conftest.c >&5
configure:2894: $? = 0
configure:2907: result: none needed
configure:2932: checking how to run the C preprocessor
configure:2963: gcc -E  conftest.c
configure:2963: $? = 0
configure:2977: gcc -E  conftest.c
conftest.c:9:28: fatal error: ac_nonexistent.h: No such file or directory
 #include <ac_nonexistent.h>
                            ^
compilation terminated.
configure:2977: $? = 1
configure: failed program was:
| /* confdefs.h */
| #define PACKAGE_NAME "GNU sed"
| #define PACKAGE_TARNAME "sed"
| #define PACKAGE_VERSION "1.18"
| #define PACKAGE_STRING "GNU sed 1.18"
| #define PACKAGE_BUGREPORT ""
| #define PACKAGE_URL "http://www.gnu.org/software/sed/"
| /* end confdefs.h.  */
| #include <ac_nonexistent.h>
configure:3002: result: gcc -E
configure:3022: gcc -E  conftest.c
configure:3022: $? = 0
configure:3036: gcc -E  conftest.c
conftest.c:9:28: fatal error: ac_nonexistent.h: No such file or directory
 #include <ac_nonexistent.h>
                            ^
compilation terminated.
configure:3036: $? = 1
configure: failed program was:
| /* confdefs.h */
| #define PACKAGE_NAME "GNU sed"
| #define PACKAGE_TARNAME "sed"
| #define PACKAGE_VERSION "1.18"
| #define PACKAGE_STRING "GNU sed 1.18"
| #define PACKAGE_BUGREPORT ""
| #define PACKAGE_URL "http://www.gnu.org/software/sed/"
| /* end confdefs.h.  */
| #include <ac_nonexistent.h>
configure:3068: checking for grep that handles long lines and -e
configure:3126: result: /bin/grep
configure:3131: checking for egrep
configure:3193: result: /bin/grep -E
configure:3198: checking for ANSI C header files
configure:3218: gcc -c -g -O2  conftest.c >&5
configure:3218: $? = 0
configure:3291: gcc -o conftest -g -O2   conftest.c  >&5
configure:3291: $? = 0
configure:3291: ./conftest
configure:3291: $? = 0
configure:3302: result: yes
configure:3315: checking for sys/types.h
configure:3315: gcc -c -g -O2  conftest.c >&5
configure:3315: $? = 0
configure:3315: result: yes
configure:3315: checking for sys/stat.h
configure:3315: gcc -c -g -O2  conftest.c >&5
configure:3315: $? = 0
configure:3315: result: yes
configure:3315: checking for stdlib.h
configure:3315: gcc -c -g -O2  conftest.c >&5
configure:3315: $? = 0
configure:3315: result: yes
configure:3315: checking for string.h
configure:3315: gcc -c -g -O2  conftest.c >&5
configure:3315: $? = 0
configure:3315: result: yes
configure:3315: checking for memory.h
configure:3315: gcc -c -g -O2  conftest.c >&5
configure:3315: $? = 0
configure:3315: result: yes
configure:3315: checking for strings.h
configure:3315: gcc -c -g -O2  conftest.c >&5
configure:3315: $? = 0
configure:3315: result: yes
configure:3315: checking for inttypes.h
configure:3315: gcc -c -g -O2  conftest.c >&5
configure:3315: $? = 0
configure:3315: result: yes
configure:3315: checking for stdint.h
configure:3315: gcc -c -g -O2  conftest.c >&5
configure:3315: $? = 0
configure:3315: result: yes
configure:3315: checking for unistd.h
configure:3315: gcc -c -g -O2  conftest.c >&5
configure:3315: $? = 0
configure:3315: result: yes
configure:3330: checking fcntl.h usability
configure:3330: gcc -c -g -O2  conftest.c >&5
configure:3330: $? = 0
configure:3330: result: yes
configure:3330: checking fcntl.h presence
configure:3330: gcc -E  conftest.c
configure:3330: $? = 0
configure:3330: result: yes
configure:3330: checking for fcntl.h
configure:3330: result: yes
configure:3330: checking malloc.h usability
configure:3330: gcc -c -g -O2  conftest.c >&5
configure:3330: $? = 0
configure:3330: result: yes
configure:3330: checking malloc.h presence
configure:3330: gcc -E  conftest.c
configure:3330: $? = 0
configure:3330: result: yes
configure:3330: checking for malloc.h
configure:3330: result: yes
configure:3330: checking sys/file.h usability
configure:3330: gcc -c -g -O2  conftest.c >&5
configure:3330: $? = 0
configure:3330: result: yes
configure:3330: checking sys/file.h presence
configure:3330: gcc -E  conftest.c
configure:3330: $? = 0
configure:3330: result: yes
configure:3330: checking for sys/file.h
configure:3330: result: yes
configure:3330: checking sys/time.h usability
configure:3330: gcc -c -g -O2  conftest.c >&5
configure:3330: $? = 0
configure:3330: result: yes
configure:3330: checking sys/time.h presence
configure:3330: gcc -E  conftest.c
configure:3330: $? = 0
configure:3330: result: yes
configure:3330: checking for sys/time.h
configure:3330: result: yes
configure:3330: checking for unistd.h
configure:3330: result: yes
configure:3330: checking for sys/types.h
configure:3330: result: yes
configure:3341: checking for an ANSI C-conforming const
configure:3407: gcc -c -g -O2  conftest.c >&5
configure:3407: $? = 0
configure:3414: result: yes
configure:3422: checking for size_t
configure:3422: gcc -c -g -O2  conftest.c >&5
configure:3422: $? = 0
configure:3422: gcc -c -g -O2  conftest.c >&5
conftest.c: In function 'main':
conftest.c:61:21: error: expected expression before ')' token
 if (sizeof ((size_t)))
                     ^
configure:3422: $? = 1
configure: failed program was:
| /* confdefs.h */
| #define PACKAGE_NAME "GNU sed"
| #define PACKAGE_TARNAME "sed"
| #define PACKAGE_VERSION "1.18"
| #define PACKAGE_STRING "GNU sed 1.18"
| #define PACKAGE_BUGREPORT ""
| #define PACKAGE_URL "http://www.gnu.org/software/sed/"
| #define STDC_HEADERS 1
| #define HAVE_SYS_TYPES_H 1
| #define HAVE_SYS_STAT_H 1
| #define HAVE_STDLIB_H 1
| #define HAVE_STRING_H 1
| #define HAVE_MEMORY_H 1
| #define HAVE_STRINGS_H 1
| #define HAVE_INTTYPES_H 1
| #define HAVE_STDINT_H 1
| #define HAVE_UNISTD_H 1
| #define HAVE_FCNTL_H 1
| #define HAVE_MALLOC_H 1
| #define HAVE_SYS_FILE_H 1
| #define HAVE_SYS_TIME_H 1
| #define HAVE_UNISTD_H 1
| #define HAVE_SYS_TYPES_H 1
| /* end confdefs.h.  */
| #include <stdio.h>
| #ifdef HAVE_SYS_TYPES_H
| # include <sys/types.h>
| #endif
| #ifdef HAVE_SYS_STAT_H
| # include <sys/stat.h>
| #endif
| #ifdef STDC_HEADERS
| # include <stdlib.h>
| # include <stddef.h>
| #else
| # ifdef HAVE_STDLIB_H
| #  include <stdlib.h>
| # endif
| #endif
| #ifdef HAVE_STRING_H
| # if !defined STDC_HEADERS && defined HAVE_MEMORY_H
| #  include <memory.h>
| # endif
| # include <string.h>
| #endif
| #ifdef HAVE_STRINGS_H
| # include <strings.h>
| #endif
| #ifdef HAVE_INTTYPES_H
| # include <inttypes.h>
| #endif
| #ifdef HAVE_STDINT_H
| # include <stdint.h>
| #endif
| #ifdef HAVE_UNISTD_H
| # include <unistd.h>
| #endif
| int
| main ()
| {
| if (sizeof ((size_t)))
| 	    return 0;
|   ;
|   return 0;
| }
configure:3422: result: yes
configure:3433: checking whether struct tm is in sys/time.h or time.h
configure:3453: gcc -c -g -O2  conftest.c >&5
configure:3453: $? = 0
configure:3460: result: time.h
configure:3469: checking return type of signal handlers
configure:3487: gcc -c -g -O2  conftest.c >&5
conftest.c: In function 'main':
conftest.c:31:1: error: void value not ignored as it ought to be
 return *(signal (0, 0)) (0) == 1;
 ^
configure:3487: $? = 1
configure: failed program was:
| /* confdefs.h */
| #define PACKAGE_NAME "GNU sed"
| #define PACKAGE_TARNAME "sed"
| #define PACKAGE_VERSION "1.18"
| #define PACKAGE_STRING "GNU sed 1.18"
| #define PACKAGE_BUGREPORT ""
| #define PACKAGE_URL "http://www.gnu.org/software/sed/"
| #define STDC_HEADERS 1
| #define HAVE_SYS_TYPES_H 1
| #define HAVE_SYS_STAT_H 1
| #define HAVE_STDLIB_H 1
| #define HAVE_STRING_H 1
| #define HAVE_MEMORY_H 1
| #define HAVE_STRINGS_H 1
| #define HAVE_INTTYPES_H 1
| #define HAVE_STDINT_H 1
| #define HAVE_UNISTD_H 1
| #define HAVE_FCNTL_H 1
| #define HAVE_MALLOC_H 1
| #define HAVE_SYS_FILE_H 1
| #define HAVE_SYS_TIME_H 1
| #define HAVE_UNISTD_H 1
| #define HAVE_SYS_TYPES_H 1
| /* end confdefs.h.  */
| #include <sys/types.h>
| #include <signal.h>
| 
| int
| main ()
| {
| return *(signal (0, 0)) (0) == 1;
|   ;
|   return 0;
| }
configure:3494: result: void
configure:3505: checking for bcopy
configure:3505: gcc -o conftest -g -O2   conftest.c  >&5
conftest.c:49:6: warning: conflicting types for built-in function 'bcopy' [enabled by default]
 char bcopy ();
      ^
configure:3505: $? = 0
configure:3505: result: yes
configure:3505: checking for memcpy
configure:3505: gcc -o conftest -g -O2   conftest.c  >&5
conftest.c:50:6: warning: conflicting types for built-in function 'memcpy' [enabled by default]
 char memcpy ();
      ^
configure:3505: $? = 0
configure:3505: result: yes
configure:3516: checking for working alloca.h
configure:3533: gcc -o conftest -g -O2   conftest.c  >&5
configure:3533: $? = 0
configure:3541: result: yes
configure:3549: checking for alloca
configure:3586: gcc -o conftest -g -O2   conftest.c  >&5
configure:3586: $? = 0
configure:3594: result: yes
configure:3820: creating ./config.status

## ---------------------- ##
## Running config.status. ##
## ---------------------- ##

This file was extended by GNU sed config.status 1.18, which was
generated by GNU Autoconf 2.69.  Invocation command line was

  CONFIG_FILES    = 
  CONFIG_HEADERS  = 
  CONFIG_LINKS    = 
  CONFIG_COMMANDS = 
  $ ./config.status 

on cu-cs-vm

config.status:811: creating Makefile
config.status:811: creating config.h
config.status:981: config.h is unchanged

## ---------------- ##
## Cache variables. ##
## ---------------- ##

ac_cv_c_compiler_gnu=yes
ac_cv_c_const=yes
ac_cv_env_CC_set=
ac_cv_env_CC_value=
ac_cv_env_CFLAGS_set=
ac_cv_env_CFLAGS_value=
ac_cv_env_CPPFLAGS_set=
ac_cv_env_CPPFLAGS_value=
ac_cv_env_CPP_set=
ac_cv_env_CPP_value=
ac_cv_env_LDFLAGS_set=
ac_cv_env_LDFLAGS_value=
ac_cv_env_LIBS_set=
ac_cv_env_LIBS_value=
ac_cv_env_build_alias_set=
ac_cv_env_build_alias_value=
ac_cv_env_host_alias_set=
ac_cv_env_host_alias_value=
ac_cv_env_target_alias_set=
ac_cv_env_target_alias_value=
ac_cv_func_alloca_works=yes
ac_cv_func_bcopy=yes
ac_cv_func_memcpy=yes
ac_cv_header_fcntl_h=yes
ac_cv_header_inttypes_h=yes
ac_cv_header_malloc_h=yes
ac_cv_header_memory_h=yes
ac_cv_header_stdc=yes
ac_cv_header_stdint_h=yes
ac_cv_header_stdlib_h=yes
ac_cv_header_string_h=yes
ac_cv_header_strings_h=yes
ac_cv_header_sys_file_h=yes
ac_cv_header_sys_stat_h=yes
ac_cv_header_sys_time_h=yes
ac_cv_header_sys_types_h=yes
ac_cv_header_unistd_h=yes
ac_cv_objext=o
ac_cv_path_EGREP='/bin/grep -E'
ac_cv_path_GREP=/bin/grep
ac_cv_prog_CPP='gcc -E'
ac_cv_prog_ac_ct_CC=gcc
ac_cv_prog_cc_c89=
ac_cv_prog_cc_g=yes
ac_cv_struct_tm=time.h
ac_cv_type_signal=void
ac_cv_type_size_t=yes
ac_cv_working_alloca_h=yes

## ----------------- ##
## Output variables. ##
## ----------------- ##

ALLOCA=''
CC='gcc'
CFLAGS='-g -O2'
CPP='gcc -E'
CPPFLAGS=''
DEFS='-DHAVE_CONFIG_H'
ECHO_C=''
ECHO_N='-n'
ECHO_T=''
EGREP='/bin/grep -E'
EXEEXT=''
GREP='/bin/grep'
LDFLAGS=''
LIBOBJS=''
LIBS=''
LTLIBOBJS=''
OBJEXT='o'
PACKAGE_BUGREPORT=''
PACKAGE_NAME='GNU sed'
PACKAGE_STRING='GNU sed 1.18'
PACKAGE_TARNAME='sed'
PACKAGE_URL='http://www.gnu.org/software/sed/'
PACKAGE_VERSION='1.18'
PATH_SEPARATOR=':'
SHELL='/bin/bash'
ac_ct_CC='gcc'
bindir='${exec_prefix}/bin'
build_alias=''
datadir='${datarootdir}'
datarootdir='${prefix}/share'
docdir='${datarootdir}/doc/${PACKAGE_TARNAME}'
dvidir='${docdir}'
exec_prefix='${prefix}'
host_alias=''
htmldir='${docdir}'
includedir='${prefix}/include'
infodir='${datarootdir}/info'
libdir='${exec_prefix}/lib'
libexecdir='${exec_prefix}/libexec'
localedir='${datarootdir}/locale'
localstatedir='${prefix}/var'
mandir='${datarootdir}/man'
oldincludedir='/usr/include'
pdfdir='${docdir}'
prefix='/home/user'
program_transform_name='s,x,x,'
psdir='${docdir}'
sbindir='${exec_prefix}/sbin'
sharedstatedir='${prefix}/com'
sysconfdir='${prefix}/etc'
target_alias=''

## ----------- ##
## confdefs.h. ##
## ----------- ##

/* confdefs.h */
#define PACKAGE_NAME "GNU sed"
#define PACKAGE_TARNAME "sed"
#define PACKAGE_VERSION "1.18"
#define PACKAGE_STRING "GNU sed 1.18"
#define PACKAGE_BUGREPORT ""
#define PACKAGE_URL "http://www.gnu.org/software/sed/"
#define STDC_HEADERS 1
#define HAVE_SYS_TYPES_H 1
#define HAVE_SYS_STAT_H 1
#define HAVE_STDLIB_H 1
#define HAVE_STRING_H 1
#define HAVE_MEMORY_H 1
#define HAVE_STRINGS_H 1
#define HAVE_INTTYPES_H 1
#define HAVE_STDINT_H 1
#define HAVE_UNISTD_H 1
#define HAVE_FCNTL_H 1
#define HAVE_MALLOC_H 1
#define HAVE_SYS_FILE_H 1
#define HAVE_SYS_TIME_H 1
#define HAVE_UNISTD_H 1
#define HAVE_SYS_TYPES_H 1
#define RETSIGTYPE void
#define HAVE_BCOPY 1
#define HAVE_MEMCPY 1
#define HAVE_ALLOCA_H 1
#define HAVE_ALLOCA 1

configure: exit 0
