<PROGRM> -> ( <NOD_Include> <SCANNR> <NODES> <RULES> ) ;
<NOD_Include> -> ( <AString> | <QString> )* ;
<SCANNR> -> ( <EOFLDF> | <ERRLDF> | <NONLDF> | <LEAFDF> )* ;
<EOFLDF> -> <Name> ;
<ERRLDF> -> <Name> ;
<NONLDF> -> ( <AString> <Name> ) ;
<LEAFDF> -> ( <QString> <Name> <QString> ) ;
<NODES> -> <QString>* ;
<RULES> -> <RULE>* ;
<RULE> -> ( <Name> <ALTLST> ) ;
<ALTLST> -> <ALTRNT>+ ;
<ALTRNT> -> ( Expression ( <QString> | <OPTNAL> | <OUTNOD> )? ) ;
Expression -> <SEQ> ;
<SEQ> -> ( <LIST> | <PLUS> | <STAR> | <QUESTION> | Expression | <Name> | <QString> | <AString> )* ;
<LIST> -> ( ( Expression | <Name> | <QString> | <AString> ) ( Expression | <Name> | <QString> | <AString> ) ) ;
<PLUS> -> ( Expression | <Name> | <QString> | <AString> ) ;
<STAR> -> ( Expression | <Name> | <QString> | <AString> ) ;
<QUESTION> -> ( Expression | <Name> | <QString> | <AString> ) ;
<OPTNAL> -> <QString> ;
<OUTNOD> -> <QString> ;
