This file contains any messages produced by compilers while
running configure, to aid debugging if configure makes a mistake.

It was created by Eli configure 4.8.1, which was
generated by GNU Autoconf 2.69.  Invocation command line was

  $ ./configure 

## --------- ##
## Platform. ##
## --------- ##

hostname = cu-cs-vm
uname -m = x86_64
uname -r = 3.19.0-39-generic
uname -s = Linux
uname -v = #44~14.04.1-Ubuntu SMP Wed Dec 2 10:00:35 UTC 2015

/usr/bin/uname -p = unknown
/bin/uname -X     = unknown

/bin/arch              = unknown
/usr/bin/arch -k       = unknown
/usr/convex/getsysinfo = unknown
/usr/bin/hostinfo      = unknown
/bin/machine           = unknown
/usr/bin/oslevel       = unknown
/bin/universe          = unknown

PATH: /home/user/bin
PATH: /usr/local/sbin
PATH: /usr/local/bin
PATH: /usr/sbin
PATH: /usr/bin
PATH: /sbin
PATH: /bin
PATH: /usr/games
PATH: /usr/local/games


## ----------- ##
## Core tests. ##
## ----------- ##

configure:1898: creating ./config.status

## ---------------------- ##
## Running config.status. ##
## ---------------------- ##

This file was extended by Eli config.status 4.8.1, which was
generated by GNU Autoconf 2.69.  Invocation command line was

  CONFIG_FILES    = 
  CONFIG_HEADERS  = 
  CONFIG_LINKS    = 
  CONFIG_COMMANDS = 
  $ ./config.status 

on cu-cs-vm

config.status:715: creating Makefile
config.status:715: creating Eli/pkg/version/version
config.status:715: creating Eli/pkg/version/version.dg
configure:2971: === configuring in Odin (/home/user/Dropbox/CAS/eli-4.8.1/Odin)
configure:3034: running /bin/bash ./configure --disable-option-checking '--prefix=/home/user'  --cache-file=/dev/null --srcdir=.
configure:2971: === configuring in Eli (/home/user/Dropbox/CAS/eli-4.8.1/Eli)
configure:3034: running /bin/bash ./configure --disable-option-checking '--prefix=/home/user'  --cache-file=/dev/null --srcdir=.
configure:2971: === configuring in Eli/pkg/eli/ofiles (/home/user/Dropbox/CAS/eli-4.8.1/Eli/pkg/eli/ofiles)
configure:3034: running /bin/bash ./configure --disable-option-checking '--prefix=/home/user'  --cache-file=/dev/null --srcdir=.
configure:2971: === configuring in Eli/pkg/cpp/gnu_cpp (/home/user/Dropbox/CAS/eli-4.8.1/Eli/pkg/cpp/gnu_cpp)
configure:3034: running /bin/bash ./configure --disable-option-checking '--prefix=/home/user'  --cache-file=/dev/null --srcdir=.
configure:2971: === configuring in Eli/pkg/skeleton/gnu_sed (/home/user/Dropbox/CAS/eli-4.8.1/Eli/pkg/skeleton/gnu_sed)
configure:3034: running /bin/bash ./configure --disable-option-checking '--prefix=/home/user'  --cache-file=/dev/null --srcdir=.

## ---------------- ##
## Cache variables. ##
## ---------------- ##

ac_cv_env_build_alias_set=
ac_cv_env_build_alias_value=
ac_cv_env_host_alias_set=
ac_cv_env_host_alias_value=
ac_cv_env_target_alias_set=
ac_cv_env_target_alias_value=

## ----------------- ##
## Output variables. ##
## ----------------- ##

DEFS='-DPACKAGE_NAME=\"Eli\" -DPACKAGE_TARNAME=\"eli\" -DPACKAGE_VERSION=\"4.8.1\" -DPACKAGE_STRING=\"Eli\ 4.8.1\" -DPACKAGE_BUGREPORT=\"eli-project-users@lists.sourceforge.net\" -DPACKAGE_URL=\"\"'
ECHO_C=''
ECHO_N='-n'
ECHO_T=''
LIBOBJS=''
LIBS=''
LTLIBOBJS=''
PACKAGE_BUGREPORT='eli-project-users@lists.sourceforge.net'
PACKAGE_NAME='Eli'
PACKAGE_STRING='Eli 4.8.1'
PACKAGE_TARNAME='eli'
PACKAGE_URL=''
PACKAGE_VERSION='4.8.1'
PATH_SEPARATOR=':'
SHELL='/bin/bash'
bindir='${exec_prefix}/bin'
build_alias=''
datadir='${datarootdir}'
datarootdir='${prefix}/share'
docdir='${datarootdir}/doc/${PACKAGE_TARNAME}'
dvidir='${docdir}'
exec_prefix='${prefix}'
host_alias=''
htmldir='${docdir}'
includedir='${prefix}/include'
infodir='${datarootdir}/info'
libdir='${exec_prefix}/lib'
libexecdir='${exec_prefix}/libexec'
localedir='${datarootdir}/locale'
localstatedir='${prefix}/var'
mandir='${datarootdir}/man'
oldincludedir='/usr/include'
pdfdir='${docdir}'
prefix='/home/user'
program_transform_name='s,x,x,'
psdir='${docdir}'
sbindir='${exec_prefix}/sbin'
sharedstatedir='${prefix}/com'
subdirs=' Odin Eli Eli/pkg/eli/ofiles Eli/pkg/cpp/gnu_cpp Eli/pkg/skeleton/gnu_sed'
sysconfdir='${prefix}/etc'
target_alias=''

## ----------- ##
## confdefs.h. ##
## ----------- ##

/* confdefs.h */
#define PACKAGE_NAME "Eli"
#define PACKAGE_TARNAME "eli"
#define PACKAGE_VERSION "4.8.1"
#define PACKAGE_STRING "Eli 4.8.1"
#define PACKAGE_BUGREPORT "eli-project-users@lists.sourceforge.net"
#define PACKAGE_URL ""

configure: exit 0
