This file contains any messages produced by compilers while
running configure, to aid debugging if configure makes a mistake.

It was created by Eli configure 4.7.1, which was
generated by GNU Autoconf 2.69.  Invocation command line was

  $ ./configure --disable-option-checking --prefix=/home/user --cache-file=/dev/null --srcdir=.

## --------- ##
## Platform. ##
## --------- ##

hostname = cu-cs-vm
uname -m = x86_64
uname -r = 3.19.0-39-generic
uname -s = Linux
uname -v = #44~14.04.1-Ubuntu SMP Wed Dec 2 10:00:35 UTC 2015

/usr/bin/uname -p = unknown
/bin/uname -X     = unknown

/bin/arch              = unknown
/usr/bin/arch -k       = unknown
/usr/convex/getsysinfo = unknown
/usr/bin/hostinfo      = unknown
/bin/machine           = unknown
/usr/bin/oslevel       = unknown
/bin/universe          = unknown

PATH: /home/user/bin
PATH: /usr/local/sbin
PATH: /usr/local/bin
PATH: /usr/sbin
PATH: /usr/bin
PATH: /sbin
PATH: /bin
PATH: /usr/games
PATH: /usr/local/games


## ----------- ##
## Core tests. ##
## ----------- ##

configure:2194: checking for gcc
configure:2210: found /usr/bin/gcc
configure:2221: result: gcc
configure:2450: checking for C compiler version
configure:2459: gcc --version >&5
gcc (Ubuntu 4.8.4-2ubuntu1~14.04) 4.8.4
Copyright (C) 2013 Free Software Foundation, Inc.
This is free software; see the source for copying conditions.  There is NO
warranty; not even for MERCHANTABILITY or FITNESS FOR A PARTICULAR PURPOSE.

configure:2470: $? = 0
configure:2459: gcc -v >&5
Using built-in specs.
COLLECT_GCC=gcc
COLLECT_LTO_WRAPPER=/usr/lib/gcc/x86_64-linux-gnu/4.8/lto-wrapper
Target: x86_64-linux-gnu
Configured with: ../src/configure -v --with-pkgversion='Ubuntu 4.8.4-2ubuntu1~14.04' --with-bugurl=file:///usr/share/doc/gcc-4.8/README.Bugs --enable-languages=c,c++,java,go,d,fortran,objc,obj-c++ --prefix=/usr --program-suffix=-4.8 --enable-shared --enable-linker-build-id --libexecdir=/usr/lib --without-included-gettext --enable-threads=posix --with-gxx-include-dir=/usr/include/c++/4.8 --libdir=/usr/lib --enable-nls --with-sysroot=/ --enable-clocale=gnu --enable-libstdcxx-debug --enable-libstdcxx-time=yes --enable-gnu-unique-object --disable-libmudflap --enable-plugin --with-system-zlib --disable-browser-plugin --enable-java-awt=gtk --enable-gtk-cairo --with-java-home=/usr/lib/jvm/java-1.5.0-gcj-4.8-amd64/jre --enable-java-home --with-jvm-root-dir=/usr/lib/jvm/java-1.5.0-gcj-4.8-amd64 --with-jvm-jar-dir=/usr/lib/jvm-exports/java-1.5.0-gcj-4.8-amd64 --with-arch-directory=amd64 --with-ecj-jar=/usr/share/java/eclipse-ecj.jar --enable-objc-gc --enable-multiarch --disable-werror --with-arch-32=i686 --with-abi=m64 --with-multilib-list=m32,m64,mx32 --with-tune=generic --enable-checking=release --build=x86_64-linux-gnu --host=x86_64-linux-gnu --target=x86_64-linux-gnu
Thread model: posix
gcc version 4.8.4 (Ubuntu 4.8.4-2ubuntu1~14.04) 
configure:2470: $? = 0
configure:2459: gcc -V >&5
gcc: error: unrecognized command line option '-V'
gcc: fatal error: no input files
compilation terminated.
configure:2470: $? = 4
configure:2459: gcc -qversion >&5
gcc: error: unrecognized command line option '-qversion'
gcc: fatal error: no input files
compilation terminated.
configure:2470: $? = 4
configure:2490: checking whether the C compiler works
configure:2512: gcc    conftest.c  >&5
configure:2516: $? = 0
configure:2564: result: yes
configure:2567: checking for C compiler default output file name
configure:2569: result: a.out
configure:2575: checking for suffix of executables
configure:2582: gcc -o conftest    conftest.c  >&5
configure:2586: $? = 0
configure:2608: result: 
configure:2630: checking whether we are cross compiling
configure:2638: gcc -o conftest    conftest.c  >&5
configure:2642: $? = 0
configure:2649: ./conftest
configure:2653: $? = 0
configure:2668: result: no
configure:2673: checking for suffix of object files
configure:2695: gcc -c   conftest.c >&5
configure:2699: $? = 0
configure:2720: result: o
configure:2724: checking whether we are using the GNU C compiler
configure:2743: gcc -c   conftest.c >&5
configure:2743: $? = 0
configure:2752: result: yes
configure:2761: checking whether gcc accepts -g
configure:2781: gcc -c -g  conftest.c >&5
configure:2781: $? = 0
configure:2822: result: yes
configure:2839: checking for gcc option to accept ISO C89
configure:2902: gcc  -c -g -O2  conftest.c >&5
configure:2902: $? = 0
configure:2915: result: none needed
configure:2936: checking for library containing strerror
configure:2967: gcc -o conftest -g -O2   conftest.c  >&5
configure:2967: $? = 0
configure:2984: result: none required
configure:2997: checking how to run the C preprocessor
configure:3028: gcc -E  conftest.c
configure:3028: $? = 0
configure:3042: gcc -E  conftest.c
conftest.c:9:28: fatal error: ac_nonexistent.h: No such file or directory
 #include <ac_nonexistent.h>
                            ^
compilation terminated.
configure:3042: $? = 1
configure: failed program was:
| /* confdefs.h */
| #define PACKAGE_NAME "Eli"
| #define PACKAGE_TARNAME "eli"
| #define PACKAGE_VERSION "4.7.1"
| #define PACKAGE_STRING "Eli 4.7.1"
| #define PACKAGE_BUGREPORT "eli-project-users@lists.sourceforge.net"
| #define PACKAGE_URL ""
| /* end confdefs.h.  */
| #include <ac_nonexistent.h>
configure:3067: result: gcc -E
configure:3087: gcc -E  conftest.c
configure:3087: $? = 0
configure:3101: gcc -E  conftest.c
conftest.c:9:28: fatal error: ac_nonexistent.h: No such file or directory
 #include <ac_nonexistent.h>
                            ^
compilation terminated.
configure:3101: $? = 1
configure: failed program was:
| /* confdefs.h */
| #define PACKAGE_NAME "Eli"
| #define PACKAGE_TARNAME "eli"
| #define PACKAGE_VERSION "4.7.1"
| #define PACKAGE_STRING "Eli 4.7.1"
| #define PACKAGE_BUGREPORT "eli-project-users@lists.sourceforge.net"
| #define PACKAGE_URL ""
| /* end confdefs.h.  */
| #include <ac_nonexistent.h>
configure:3145: checking for gawk
configure:3175: result: no
configure:3145: checking for mawk
configure:3161: found /usr/bin/mawk
configure:3172: result: mawk
configure:3226: checking for ranlib
configure:3242: found /usr/bin/ranlib
configure:3253: result: ranlib
configure:3280: checking for wc
configure:3298: found /usr/bin/wc
configure:3311: result: /usr/bin/wc
configure:3331: checking for ln
configure:3347: found /bin/ln
configure:3359: result: ln
configure:3369: checking whether ln works
configure:3383: result: yes
configure:3425: checking whether ln -s works
configure:3483: result: yes
configure:3503: checking for strerror
configure:3503: gcc -o conftest -g -O2   conftest.c  >&5
configure:3503: $? = 0
configure:3503: result: yes
configure:3539: checking for X
configure:3647: gcc -E  conftest.c
configure:3647: $? = 0
configure:3678: gcc -o conftest -g -O2   conftest.c -lX11  >&5
configure:3678: $? = 0
configure:3728: result: libraries , headers 
configure:3827: gcc -o conftest -g -O2   conftest.c   -lX11 >&5
configure:3827: $? = 0
configure:3925: checking for gethostbyname
configure:3925: gcc -o conftest -g -O2   conftest.c  >&5
configure:3925: $? = 0
configure:3925: result: yes
configure:4022: checking for connect
configure:4022: gcc -o conftest -g -O2   conftest.c  >&5
configure:4022: $? = 0
configure:4022: result: yes
configure:4071: checking for remove
configure:4071: gcc -o conftest -g -O2   conftest.c  >&5
configure:4071: $? = 0
configure:4071: result: yes
configure:4120: checking for shmat
configure:4120: gcc -o conftest -g -O2   conftest.c  >&5
configure:4120: $? = 0
configure:4120: result: yes
configure:4178: checking for IceConnectionNumber in -lICE
configure:4203: gcc -o conftest -g -O2   conftest.c -lICE   >&5
configure:4203: $? = 0
configure:4212: result: yes
configure:4225: checking for xterm
configure:4243: found /usr/bin/xterm
configure:4255: result: /usr/bin/xterm
configure:4307: checking if Athena Widgets exist
configure:4489: result: no
configure:4501: WARNING: Tool :gorto will not be usable, see config.log

You will not be able to use the graphical order tool.  If you need it,
please install Athena Widgets in your system first.  If you do so,
you can use the option --with-Xaw to configure Eli.

configure:4525: checking if Tcl/Tk is available
  looking for Tcl/Tk library in /home/user
  looking for Tcl/Tk library in /home/user
  looking for Tcl/Tk library in /usr
  looking for Tcl/Tk library in /usr/local
configure:4589: result: Tcl library not found
configure:4594: result: Tk library not found
configure:4728: WARNING: Tool :mon will not be usable, see config.log

No TCL/TK found. You will not be able to run the monitoring-tool of Eli.
If you wish to install Tcl/Tk or correct the Tcl/Tk configuration, do so and
rerun configure with the option --with-tcltk and specifying the pathname.
Please look also in 'config.log' for additional hints.

configure:4928: checking for tgetent in -ltermcap
configure:4953: gcc -o conftest -g -O2   conftest.c -ltermcap   >&5
configure:4953: $? = 0
configure:4962: result: yes
configure:4973: checking if curses is available
  curses library found in 
  ncurses library found in 
  curses include found in 
  curses library found in 
configure:5065: result: ncurses:  library /usr/lib/x86_64-linux-gnu  include /usr/include
configure:5106: checking for ldopen in -lmld
configure:5131: gcc -o conftest -g -O2   conftest.c -lmld   >&5
/usr/bin/ld: cannot find -lmld
collect2: error: ld returned 1 exit status
configure:5131: $? = 1
configure: failed program was:
| /* confdefs.h */
| #define PACKAGE_NAME "Eli"
| #define PACKAGE_TARNAME "eli"
| #define PACKAGE_VERSION "4.7.1"
| #define PACKAGE_STRING "Eli 4.7.1"
| #define PACKAGE_BUGREPORT "eli-project-users@lists.sourceforge.net"
| #define PACKAGE_URL ""
| #define ERR_PROTO 1
| #define USE_ERRLIST 0
| #define USE_NCURSES 1
| /* end confdefs.h.  */
| 
| /* Override any GCC internal prototype to avoid an error.
|    Use char because int might match the return type of a GCC
|    builtin and then its argument prototype would still apply.  */
| #ifdef __cplusplus
| extern "C"
| #endif
| char ldopen ();
| int
| main ()
| {
| return ldopen ();
|   ;
|   return 0;
| }
configure:5140: result: no
configure:5153: checking for grep that handles long lines and -e
configure:5211: result: /bin/grep
configure:5216: checking for egrep
configure:5278: result: /bin/grep -E
configure:5283: checking for ANSI C header files
configure:5303: gcc -c -g -O2  conftest.c >&5
configure:5303: $? = 0
configure:5376: gcc -o conftest -g -O2   conftest.c  >&5
configure:5376: $? = 0
configure:5376: ./conftest
configure:5376: $? = 0
configure:5387: result: yes
configure:5400: checking for sys/types.h
configure:5400: gcc -c -g -O2  conftest.c >&5
configure:5400: $? = 0
configure:5400: result: yes
configure:5400: checking for sys/stat.h
configure:5400: gcc -c -g -O2  conftest.c >&5
configure:5400: $? = 0
configure:5400: result: yes
configure:5400: checking for stdlib.h
configure:5400: gcc -c -g -O2  conftest.c >&5
configure:5400: $? = 0
configure:5400: result: yes
configure:5400: checking for string.h
configure:5400: gcc -c -g -O2  conftest.c >&5
configure:5400: $? = 0
configure:5400: result: yes
configure:5400: checking for memory.h
configure:5400: gcc -c -g -O2  conftest.c >&5
configure:5400: $? = 0
configure:5400: result: yes
configure:5400: checking for strings.h
configure:5400: gcc -c -g -O2  conftest.c >&5
configure:5400: $? = 0
configure:5400: result: yes
configure:5400: checking for inttypes.h
configure:5400: gcc -c -g -O2  conftest.c >&5
configure:5400: $? = 0
configure:5400: result: yes
configure:5400: checking for stdint.h
configure:5400: gcc -c -g -O2  conftest.c >&5
configure:5400: $? = 0
configure:5400: result: yes
configure:5400: checking for unistd.h
configure:5400: gcc -c -g -O2  conftest.c >&5
configure:5400: $? = 0
configure:5400: result: yes
configure:5414: checking a.out.h usability
configure:5414: gcc -c -g -O2  conftest.c >&5
configure:5414: $? = 0
configure:5414: result: yes
configure:5414: checking a.out.h presence
configure:5414: gcc -E  conftest.c
configure:5414: $? = 0
configure:5414: result: yes
configure:5414: checking for a.out.h
configure:5414: result: yes
configure:5428: checking for memcpy
configure:5428: gcc -o conftest -g -O2   conftest.c  >&5
conftest.c:46:6: warning: conflicting types for built-in function 'memcpy' [enabled by default]
 char memcpy ();
      ^
configure:5428: $? = 0
configure:5428: result: yes
configure:5439: checking for an ANSI C-conforming const
configure:5505: gcc -c -g -O2  conftest.c >&5
configure:5505: $? = 0
configure:5512: result: yes
configure:5655: creating ./config.status

## ---------------------- ##
## Running config.status. ##
## ---------------------- ##

This file was extended by Eli config.status 4.7.1, which was
generated by GNU Autoconf 2.69.  Invocation command line was

  CONFIG_FILES    = 
  CONFIG_HEADERS  = 
  CONFIG_LINKS    = 
  CONFIG_COMMANDS = 
  $ ./config.status 

on cu-cs-vm

config.status:982: creating pkg/Adt/Makefile
config.status:982: creating pkg/Name/Examples/Makefile
config.status:982: creating pkg/Name/Makefile
config.status:982: creating pkg/Makefile
config.status:982: creating pkg/Input/Makefile
config.status:982: creating pkg/Output/Makefile
config.status:982: creating pkg/Prop/Makefile
config.status:982: creating pkg/Scan/Makefile
config.status:982: creating pkg/Tech/Makefile
config.status:982: creating pkg/Type/Examples/Makefile
config.status:982: creating pkg/Type/Makefile
config.status:982: creating pkg/Unparser/Makefile
config.status:982: creating pkg/adtinit/src/Makefile
config.status:982: creating pkg/adtinit/Makefile
config.status:982: creating pkg/burg/Makefile
config.status:982: creating pkg/cc/Makefile
config.status:982: creating pkg/cc/c.o.sh
config.status:982: creating pkg/cc/cc.dg
config.status:982: creating pkg/clp/lib/Makefile
config.status:982: creating pkg/clp/Makefile
config.status:982: creating pkg/cola/Frames/Makefile
config.status:982: creating pkg/cola/Info/Makefile
config.status:982: creating pkg/cola/idl/idllib/Makefile
config.status:982: creating pkg/cola/idl/Makefile
config.status:982: creating pkg/cola/lalr/back/both/Makefile
config.status:982: creating pkg/cola/lalr/back/table/Makefile
config.status:982: creating pkg/cola/lalr/back/Makefile
config.status:982: creating pkg/cola/lalr/front/lalr/Makefile
config.status:982: creating pkg/cola/lalr/front/Makefile
config.status:982: creating pkg/cola/lalr/helptools/Makefile
config.status:982: creating pkg/cola/lalr/Makefile
config.status:982: creating pkg/cola/lib/Makefile
config.status:982: creating pkg/cola/option/Makefile
config.status:982: creating pkg/cola/trafos/fmt/Makefile
config.status:982: creating pkg/cola/trafos/pgs2cmr/Makefile
config.status:982: creating pkg/cola/trafos/Makefile
config.status:982: creating pkg/cola/Makefile
config.status:982: creating pkg/cola/colaBe.sh
config.status:982: creating pkg/cpp/Makefile
config.status:982: creating pkg/cxx/Makefile
config.status:982: creating pkg/cxx/cxx.o.sh
config.status:982: creating pkg/dapto/Makefile
config.status:982: creating pkg/dapto/dapOut.sh
config.status:982: creating pkg/dapto/init.sh
config.status:982: creating pkg/dbx/Makefile
config.status:982: creating pkg/delit/Makefile
config.status:982: creating pkg/delit/lit_gen.sh
config.status:982: creating pkg/eli/src/Makefile
config.status:982: creating pkg/eli/Makefile
config.status:982: creating pkg/eli/mkfile.sh
config.status:982: creating pkg/fw/src/Makefile
config.status:982: creating pkg/fw/Makefile
config.status:982: creating pkg/gla/backend/Makefile
config.status:982: creating pkg/gla/gla_be.sh
config.status:982: creating pkg/gla/nflex/Makefile
config.status:982: creating pkg/gla/Makefile
config.status:982: creating pkg/idem/specs/Makefile
config.status:982: creating pkg/idem/Makefile
config.status:982: creating pkg/idl/Makefile
config.status:982: creating pkg/info/html/Makefile
config.status:982: creating pkg/info/hypermsg/Makefile
config.status:982: creating pkg/info/texinfo/Makefile
config.status:982: creating pkg/info/tnf/Makefile
config.status:982: creating pkg/info/Makefile
config.status:982: creating pkg/info/info.sh
config.status:982: creating pkg/info/doc.sh
config.status:982: creating pkg/kwd/Makefile
config.status:982: creating pkg/lib/Makefile
config.status:982: creating pkg/liga/Frames/Makefile
config.status:982: creating pkg/liga/Info/Makefile
config.status:982: creating pkg/liga/backend/Makefile
config.status:982: creating pkg/liga/frontend/Makefile
config.status:982: creating pkg/liga/gorto/Makefile
config.status:982: creating pkg/liga/idl/idllib/Makefile
config.status:982: creating pkg/liga/idl/Makefile
config.status:982: creating pkg/liga/ligaErr/Makefile
config.status:982: creating pkg/liga/ligaProd/Makefile
config.status:982: creating pkg/liga/ligascel/Makefile
config.status:982: creating pkg/liga/middle/expand/Makefile
config.status:982: creating pkg/liga/middle/optim/Makefile
config.status:982: creating pkg/liga/middle/order/Makefile
config.status:982: creating pkg/liga/middle/Makefile
config.status:982: creating pkg/liga/option/Makefile
config.status:982: creating pkg/liga/show/Makefile
config.status:982: creating pkg/liga/Makefile
config.status:982: creating pkg/liga/ligaBe.sh
config.status:982: creating pkg/lint/Makefile
config.status:982: creating pkg/maptool/Makefile
config.status:982: creating pkg/noosa/Makefile
config.status:982: creating pkg/noosa/mon.sh
config.status:982: creating pkg/noosa/mongdb.sh
config.status:982: creating pkg/odi/Makefile
config.status:982: creating pkg/oil/specs/Makefile
config.status:982: creating pkg/oil/Makefile
config.status:982: creating pkg/oldodin/Makefile
config.status:982: creating pkg/parser/Makefile
config.status:982: creating pkg/parser/parserOut.sh
config.status:982: creating pkg/pdl/Makefile
config.status:982: creating pkg/pgs/src/Makefile
config.status:982: creating pkg/pgs/Makefile
config.status:982: creating pkg/pgs/pgsGen.sh
config.status:982: creating pkg/phi/Makefile
config.status:982: creating pkg/phi/phiOut.sh
config.status:982: creating pkg/ptg/sample/Makefile
config.status:982: creating pkg/ptg/Makefile
config.status:982: creating pkg/ptg/ptg_out.sh
config.status:982: creating pkg/skeleton/src/Makefile
config.status:982: creating pkg/skeleton/Makefile
config.status:982: creating pkg/symcode/Makefile
config.status:982: creating pkg/tp/specs/Makefile
config.status:982: creating pkg/tp/Makefile
config.status:982: creating pkg/version/Makefile
config.status:982: creating Makefile
config.status:982: creating config.h
config.status:1157: config.h is unchanged
config.status:1171: executing default commands

## ---------------- ##
## Cache variables. ##
## ---------------- ##

ac_cv_c_compiler_gnu=yes
ac_cv_c_const=yes
ac_cv_env_CC_set=
ac_cv_env_CC_value=
ac_cv_env_CFLAGS_set=
ac_cv_env_CFLAGS_value=
ac_cv_env_CPPFLAGS_set=
ac_cv_env_CPPFLAGS_value=
ac_cv_env_CPP_set=
ac_cv_env_CPP_value=
ac_cv_env_LDFLAGS_set=
ac_cv_env_LDFLAGS_value=
ac_cv_env_LIBS_set=
ac_cv_env_LIBS_value=
ac_cv_env_XMKMF_set=
ac_cv_env_XMKMF_value=
ac_cv_env_build_alias_set=
ac_cv_env_build_alias_value=
ac_cv_env_host_alias_set=
ac_cv_env_host_alias_value=
ac_cv_env_target_alias_set=
ac_cv_env_target_alias_value=
ac_cv_func_connect=yes
ac_cv_func_gethostbyname=yes
ac_cv_func_memcpy=yes
ac_cv_func_remove=yes
ac_cv_func_shmat=yes
ac_cv_func_strerror=yes
ac_cv_have_x='have_x=yes	ac_x_includes='\'''\''	ac_x_libraries='\'''\'''
ac_cv_header_a_out_h=yes
ac_cv_header_inttypes_h=yes
ac_cv_header_memory_h=yes
ac_cv_header_stdc=yes
ac_cv_header_stdint_h=yes
ac_cv_header_stdlib_h=yes
ac_cv_header_string_h=yes
ac_cv_header_strings_h=yes
ac_cv_header_sys_stat_h=yes
ac_cv_header_sys_types_h=yes
ac_cv_header_unistd_h=yes
ac_cv_lib_ICE_IceConnectionNumber=yes
ac_cv_lib_mld_ldopen=no
ac_cv_lib_termcap_tgetent=yes
ac_cv_objext=o
ac_cv_path_EGREP='/bin/grep -E'
ac_cv_path_GREP=/bin/grep
ac_cv_path_WCPROG=/usr/bin/wc
ac_cv_path_xtermexe=/usr/bin/xterm
ac_cv_prog_AWK=mawk
ac_cv_prog_CPP='gcc -E'
ac_cv_prog_LINK=ln
ac_cv_prog_ac_ct_CC=gcc
ac_cv_prog_ac_ct_RANLIB=ranlib
ac_cv_prog_cc_c89=
ac_cv_prog_cc_g=yes
ac_cv_search_strerror='none required'

## ----------------- ##
## Output variables. ##
## ----------------- ##

AWK='mawk'
CC='gcc'
CC_DEBUG='-g'
CFLAGS='-g -O2'
CFLAGS_CURSES='-I/usr/include'
CFLAGS_TCL=''
CPP='gcc -E'
CPPFLAGS=''
DEFS='-DHAVE_CONFIG_H'
DMONITOR=''
DMONITOR_GEN=''
ECHO_C=''
ECHO_N='-n'
ECHO_T=''
EGREP='/bin/grep -E'
ELISYS='/home/user/Dropbox/CAS/eli-4.8.1/Eli'
EXEEXT=''
GREP='/bin/grep'
HAVE_XAW='no'
HAVE_XVIEW=''
LDFLAGS=''
LIBOBJS=''
LIBS=''
LIBS_TCL=''
LIB_CURSES='-lncurses -ltermcap'
LINK='ln'
LTLIBOBJS=''
MONITOR='0'
OBJEXT='o'
PACKAGE_BUGREPORT='eli-project-users@lists.sourceforge.net'
PACKAGE_NAME='Eli'
PACKAGE_STRING='Eli 4.7.1'
PACKAGE_TARNAME='eli'
PACKAGE_URL=''
PACKAGE_VERSION='4.7.1'
PATH_SEPARATOR=':'
RANLIB='ranlib'
SHELL='/bin/bash'
SHMONITOR='false'
WCPROG='/usr/bin/wc'
XMKMF=''
X_CFLAGS=''
X_EXTRA_LIBS=''
X_LIBS=''
X_PRE_LIBS=' -lSM -lICE'
ac_ct_CC='gcc'
bindir='${exec_prefix}/bin'
build_alias=''
datadir='${datarootdir}'
datarootdir='${prefix}/share'
docdir='${datarootdir}/doc/${PACKAGE_TARNAME}'
dvidir='${docdir}'
exec_prefix='${prefix}'
host_alias=''
htmldir='${docdir}'
includedir='${prefix}/include'
infodir='${datarootdir}/info'
libdir='${exec_prefix}/lib'
libexecdir='${exec_prefix}/libexec'
localedir='${datarootdir}/locale'
localstatedir='${prefix}/var'
mandir='${datarootdir}/man'
monitor=''
noosa_exe=''
oldincludedir='/usr/include'
pdfdir='${docdir}'
prefix='/home/user'
program_transform_name='s,x,x,'
psdir='${docdir}'
sbindir='${exec_prefix}/sbin'
sharedstatedir='${prefix}/com'
sysconfdir='${prefix}/etc'
target_alias=''
tclIndex=''
tclinfo=''
xinfotool=''
xtermexe='/usr/bin/xterm'

## ------------------- ##
## File substitutions. ##
## ------------------- ##

Adtmk_h='./include/Adtmk.h'
Inputmk_h='./include/Inputmk.h'
Scanmk_h='./include/Scanmk.h'
gorto='./pkg/liga/gorto/mknogorto'
gortosym='/dev/null'
ordergorto='/dev/null'
ordergortosym='./pkg/liga/middle/order/mknogortosym'
pdlmk_h='./include/pdlmk.h'
toolmk_h='./include/toolmk.h'

## ----------- ##
## confdefs.h. ##
## ----------- ##

/* confdefs.h */
#define PACKAGE_NAME "Eli"
#define PACKAGE_TARNAME "eli"
#define PACKAGE_VERSION "4.7.1"
#define PACKAGE_STRING "Eli 4.7.1"
#define PACKAGE_BUGREPORT "eli-project-users@lists.sourceforge.net"
#define PACKAGE_URL ""
#define ERR_PROTO 1
#define USE_ERRLIST 0
#define USE_NCURSES 1
#define STDC_HEADERS 1
#define HAVE_SYS_TYPES_H 1
#define HAVE_SYS_STAT_H 1
#define HAVE_STDLIB_H 1
#define HAVE_STRING_H 1
#define HAVE_MEMORY_H 1
#define HAVE_STRINGS_H 1
#define HAVE_INTTYPES_H 1
#define HAVE_STDINT_H 1
#define HAVE_UNISTD_H 1
#define HAVE_A_OUT_H 1
#define HAVE_MEMCPY 1

configure: exit 0
